2024-11-26T15:58:31.777-05:00  INFO 4804 --- [restartedMain] c.a.m.ManagerserviceApplication          : Starting ManagerserviceApplication using Java 21.0.3 with PID 4804 (C:\Users\DELL\OneDrive\Desktop\SE\EMS_BACKEND\managerservice\target\classes started by DELL in C:\Users\DELL\OneDrive\Desktop\SE\EMS_BACKEND\managerservice)
2024-11-26T15:58:31.790-05:00  INFO 4804 --- [restartedMain] c.a.m.ManagerserviceApplication          : No active profile set, falling back to 1 default profile: "default"
2024-11-26T15:58:32.035-05:00  INFO 4804 --- [restartedMain] o.s.b.devtools.restart.ChangeableUrls    : The Class-Path manifest attribute in C:\Users\DELL\.m2\repository\com\oracle\database\jdbc\ojdbc11\21.1.0.0\ojdbc11-21.1.0.0.jar referenced one or more files that do not exist: file:/C:/Users/DELL/.m2/repository/com/oracle/database/jdbc/ojdbc11/21.1.0.0/oraclepki.jar
2024-11-26T15:58:32.036-05:00  INFO 4804 --- [restartedMain] o.s.b.devtools.restart.ChangeableUrls    : The Class-Path manifest attribute in C:\Users\DELL\.m2\repository\com\oracle\database\jdbc\ojdbc8\21.9.0.0\ojdbc8-21.9.0.0.jar referenced one or more files that do not exist: file:/C:/Users/DELL/.m2/repository/com/oracle/database/jdbc/ojdbc8/21.9.0.0/oraclepki.jar
2024-11-26T15:58:32.037-05:00  INFO 4804 --- [restartedMain] .e.DevToolsPropertyDefaultsPostProcessor : Devtools property defaults active! Set 'spring.devtools.add-properties' to 'false' to disable
2024-11-26T15:58:32.038-05:00  INFO 4804 --- [restartedMain] .e.DevToolsPropertyDefaultsPostProcessor : For additional web related logging consider setting the 'logging.level.web' property to 'DEBUG'
2024-11-26T15:58:34.138-05:00  INFO 4804 --- [restartedMain] .s.d.r.c.RepositoryConfigurationDelegate : Multiple Spring Data modules found, entering strict repository configuration mode
2024-11-26T15:58:34.138-05:00  INFO 4804 --- [restartedMain] .s.d.r.c.RepositoryConfigurationDelegate : Bootstrapping Spring Data JPA repositories in DEFAULT mode.
2024-11-26T15:58:34.922-05:00  INFO 4804 --- [restartedMain] .s.d.r.c.RepositoryConfigurationDelegate : Finished Spring Data repository scanning in 765 ms. Found 1 JPA repository interfaces.
2024-11-26T15:58:37.050-05:00  INFO 4804 --- [restartedMain] .s.d.r.c.RepositoryConfigurationDelegate : Multiple Spring Data modules found, entering strict repository configuration mode
2024-11-26T15:58:37.051-05:00  INFO 4804 --- [restartedMain] .s.d.r.c.RepositoryConfigurationDelegate : Bootstrapping Spring Data MongoDB repositories in DEFAULT mode.
2024-11-26T15:58:37.085-05:00  INFO 4804 --- [restartedMain] .RepositoryConfigurationExtensionSupport : Spring Data MongoDB - Could not safely identify store assignment for repository candidate interface com.adp.managerservice.repository.ManagerRepository; If you want this repository to be a MongoDB repository, consider annotating your entities with one of these annotations: org.springframework.data.mongodb.core.mapping.Document (preferred), or consider extending one of the following types with your repository: org.springframework.data.mongodb.repository.MongoRepository
2024-11-26T15:58:37.085-05:00  INFO 4804 --- [restartedMain] .s.d.r.c.RepositoryConfigurationDelegate : Finished Spring Data repository scanning in 36 ms. Found 0 MongoDB repository interfaces.
2024-11-26T15:58:37.948-05:00  INFO 4804 --- [restartedMain] o.s.cloud.context.scope.GenericScope     : BeanFactory id=cd4be48a-31d1-3358-8c85-2003e99fa3ce
2024-11-26T15:58:40.545-05:00  INFO 4804 --- [restartedMain] o.s.b.w.embedded.tomcat.TomcatWebServer  : Tomcat initialized with port(s): 8002 (http)
2024-11-26T15:58:40.561-05:00  INFO 4804 --- [restartedMain] o.apache.catalina.core.StandardService   : Starting service [Tomcat]
2024-11-26T15:58:40.561-05:00  INFO 4804 --- [restartedMain] o.apache.catalina.core.StandardEngine    : Starting Servlet engine: [Apache Tomcat/10.1.12]
2024-11-26T15:58:40.797-05:00  INFO 4804 --- [restartedMain] o.a.c.c.C.[Tomcat].[localhost].[/]       : Initializing Spring embedded WebApplicationContext
2024-11-26T15:58:40.798-05:00  INFO 4804 --- [restartedMain] w.s.c.ServletWebServerApplicationContext : Root WebApplicationContext: initialization completed in 8759 ms
2024-11-26T15:58:41.422-05:00  INFO 4804 --- [restartedMain] o.hibernate.jpa.internal.util.LogHelper  : HHH000204: Processing PersistenceUnitInfo [name: default]
2024-11-26T15:58:41.549-05:00  INFO 4804 --- [restartedMain] org.hibernate.Version                    : HHH000412: Hibernate ORM core version 6.2.7.Final
2024-11-26T15:58:41.564-05:00  INFO 4804 --- [restartedMain] org.hibernate.cfg.Environment            : HHH000406: Using bytecode reflection optimizer
2024-11-26T15:58:41.885-05:00  INFO 4804 --- [restartedMain] o.h.b.i.BytecodeProviderInitiator        : HHH000021: Bytecode provider name : bytebuddy
2024-11-26T15:58:42.238-05:00  INFO 4804 --- [restartedMain] o.s.o.j.p.SpringPersistenceUnitInfo      : No LoadTimeWeaver setup: ignoring JPA class transformer
2024-11-26T15:58:42.318-05:00  INFO 4804 --- [restartedMain] com.zaxxer.hikari.HikariDataSource       : HikariPool-1 - Starting...
2024-11-26T15:58:45.477-05:00  INFO 4804 --- [restartedMain] com.zaxxer.hikari.pool.HikariPool        : HikariPool-1 - Added connection com.mysql.cj.jdbc.ConnectionImpl@64e485e5
2024-11-26T15:58:45.483-05:00  INFO 4804 --- [restartedMain] com.zaxxer.hikari.HikariDataSource       : HikariPool-1 - Start completed.
2024-11-26T15:58:45.690-05:00  WARN 4804 --- [restartedMain] org.hibernate.orm.deprecation            : HHH90000026: MySQL8Dialect has been deprecated; use org.hibernate.dialect.MySQLDialect instead
2024-11-26T15:58:46.570-05:00  INFO 4804 --- [restartedMain] o.h.b.i.BytecodeProviderInitiator        : HHH000021: Bytecode provider name : bytebuddy
2024-11-26T15:58:48.562-05:00  INFO 4804 --- [restartedMain] o.h.e.t.j.p.i.JtaPlatformInitiator       : HHH000490: Using JtaPlatform implementation: [org.hibernate.engine.transaction.jta.platform.internal.NoJtaPlatform]
2024-11-26T15:58:50.122-05:00  INFO 4804 --- [restartedMain] j.LocalContainerEntityManagerFactoryBean : Initialized JPA EntityManagerFactory for persistence unit 'default'
2024-11-26T15:58:51.133-05:00  INFO 4804 --- [restartedMain] o.s.d.j.r.query.QueryEnhancerFactory     : Hibernate is in classpath; If applicable, HQL parser will be used.
2024-11-26T15:58:51.711-05:00  WARN 4804 --- [restartedMain] JpaBaseConfiguration$JpaWebConfiguration : spring.jpa.open-in-view is enabled by default. Therefore, database queries may be performed during view rendering. Explicitly configure spring.jpa.open-in-view to disable this warning
2024-11-26T15:58:55.514-05:00  INFO 4804 --- [cluster-ClusterId{value='6746368f8e8f6e3078a86b5d', description='null'}-localhost:27017] org.mongodb.driver.cluster               : Exception in monitor thread while connecting to server localhost:27017

com.mongodb.MongoSocketOpenException: Exception opening socket
	at com.mongodb.internal.connection.SocketStream.open(SocketStream.java:73) ~[mongodb-driver-core-4.9.1.jar:na]
	at com.mongodb.internal.connection.InternalStreamConnection.open(InternalStreamConnection.java:204) ~[mongodb-driver-core-4.9.1.jar:na]
	at com.mongodb.internal.connection.DefaultServerMonitor$ServerMonitorRunnable.lookupServerDescription(DefaultServerMonitor.java:199) ~[mongodb-driver-core-4.9.1.jar:na]
	at com.mongodb.internal.connection.DefaultServerMonitor$ServerMonitorRunnable.run(DefaultServerMonitor.java:159) ~[mongodb-driver-core-4.9.1.jar:na]
	at java.base/java.lang.Thread.run(Thread.java:1583) ~[na:na]
Caused by: java.net.ConnectException: Connection refused: getsockopt
	at java.base/sun.nio.ch.Net.pollConnect(Native Method) ~[na:na]
	at java.base/sun.nio.ch.Net.pollConnectNow(Net.java:682) ~[na:na]
	at java.base/sun.nio.ch.NioSocketImpl.timedFinishConnect(NioSocketImpl.java:542) ~[na:na]
	at java.base/sun.nio.ch.NioSocketImpl.connect(NioSocketImpl.java:592) ~[na:na]
	at java.base/java.net.SocksSocketImpl.connect(SocksSocketImpl.java:327) ~[na:na]
	at java.base/java.net.Socket.connect(Socket.java:751) ~[na:na]
	at com.mongodb.internal.connection.SocketStreamHelper.initialize(SocketStreamHelper.java:107) ~[mongodb-driver-core-4.9.1.jar:na]
	at com.mongodb.internal.connection.SocketStream.initializeSocket(SocketStream.java:82) ~[mongodb-driver-core-4.9.1.jar:na]
	at com.mongodb.internal.connection.SocketStream.open(SocketStream.java:68) ~[mongodb-driver-core-4.9.1.jar:na]
	... 4 common frames omitted

2024-11-26T15:58:55.537-05:00  INFO 4804 --- [restartedMain] org.mongodb.driver.client                : MongoClient with metadata {"driver": {"name": "mongo-java-driver|sync|spring-boot", "version": "4.9.1"}, "os": {"type": "Windows", "name": "Windows 11", "architecture": "amd64", "version": "10.0"}, "platform": "Java/Eclipse Adoptium/21.0.3+9-LTS"} created with settings MongoClientSettings{readPreference=primary, writeConcern=WriteConcern{w=null, wTimeout=null ms, journal=null}, retryWrites=true, retryReads=true, readConcern=ReadConcern{level=null}, credential=null, streamFactoryFactory=null, commandListeners=[], codecRegistry=ProvidersCodecRegistry{codecProviders=[ValueCodecProvider{}, BsonValueCodecProvider{}, DBRefCodecProvider{}, DBObjectCodecProvider{}, DocumentCodecProvider{}, CollectionCodecProvider{}, IterableCodecProvider{}, MapCodecProvider{}, GeoJsonCodecProvider{}, GridFSFileCodecProvider{}, Jsr310CodecProvider{}, JsonObjectCodecProvider{}, BsonCodecProvider{}, EnumCodecProvider{}, com.mongodb.client.model.mql.ExpressionCodecProvider@54aa64cc, com.mongodb.Jep395RecordCodecProvider@58d01f81]}, loggerSettings=LoggerSettings{maxDocumentLength=1000}, clusterSettings={hosts=[localhost:27017], srvServiceName=mongodb, mode=SINGLE, requiredClusterType=UNKNOWN, requiredReplicaSetName='null', serverSelector='null', clusterListeners='[]', serverSelectionTimeout='30000 ms', localThreshold='30000 ms'}, socketSettings=SocketSettings{connectTimeoutMS=10000, readTimeoutMS=0, receiveBufferSize=0, sendBufferSize=0}, heartbeatSocketSettings=SocketSettings{connectTimeoutMS=10000, readTimeoutMS=10000, receiveBufferSize=0, sendBufferSize=0}, connectionPoolSettings=ConnectionPoolSettings{maxSize=100, minSize=0, maxWaitTimeMS=120000, maxConnectionLifeTimeMS=0, maxConnectionIdleTimeMS=0, maintenanceInitialDelayMS=0, maintenanceFrequencyMS=60000, connectionPoolListeners=[], maxConnecting=2}, serverSettings=ServerSettings{heartbeatFrequencyMS=10000, minHeartbeatFrequencyMS=500, serverListeners='[]', serverMonitorListeners='[]'}, sslSettings=SslSettings{enabled=false, invalidHostNameAllowed=false, context=null}, applicationName='null', compressorList=[], uuidRepresentation=JAVA_LEGACY, serverApi=null, autoEncryptionSettings=null, contextProvider=null}
2024-11-26T15:58:56.956-05:00  WARN 4804 --- [restartedMain] o.s.b.d.a.OptionalLiveReloadServer       : Unable to start LiveReload server
2024-11-26T15:58:57.140-05:00  INFO 4804 --- [restartedMain] DiscoveryClientOptionalArgsConfiguration : Eureka HTTP Client uses RestTemplate.
2024-11-26T15:58:57.391-05:00  WARN 4804 --- [restartedMain] iguration$LoadBalancerCaffeineWarnLogger : Spring Cloud LoadBalancer is currently working with the default cache. While this cache implementation is useful for development and tests, it's recommended to use Caffeine cache in production.You can switch to using Caffeine cache, by adding it and org.springframework.cache.caffeine.CaffeineCacheManager to the classpath.
2024-11-26T15:58:57.627-05:00  INFO 4804 --- [restartedMain] o.s.c.n.eureka.InstanceInfoFactory       : Setting initial instance status as: STARTING
2024-11-26T15:58:57.740-05:00  INFO 4804 --- [restartedMain] com.netflix.discovery.DiscoveryClient    : Initializing Eureka in region us-east-1
2024-11-26T15:58:57.751-05:00  INFO 4804 --- [restartedMain] c.n.d.s.r.aws.ConfigClusterResolver      : Resolving eureka endpoints via configuration
2024-11-26T15:58:57.813-05:00  INFO 4804 --- [restartedMain] com.netflix.discovery.DiscoveryClient    : Disable delta property : false
2024-11-26T15:58:57.813-05:00  INFO 4804 --- [restartedMain] com.netflix.discovery.DiscoveryClient    : Single vip registry refresh property : null
2024-11-26T15:58:57.813-05:00  INFO 4804 --- [restartedMain] com.netflix.discovery.DiscoveryClient    : Force full registry fetch : false
2024-11-26T15:58:57.813-05:00  INFO 4804 --- [restartedMain] com.netflix.discovery.DiscoveryClient    : Application is null : false
2024-11-26T15:58:57.813-05:00  INFO 4804 --- [restartedMain] com.netflix.discovery.DiscoveryClient    : Registered Applications size is zero : true
2024-11-26T15:58:57.813-05:00  INFO 4804 --- [restartedMain] com.netflix.discovery.DiscoveryClient    : Application version is -1: true
2024-11-26T15:58:57.813-05:00  INFO 4804 --- [restartedMain] com.netflix.discovery.DiscoveryClient    : Getting all instance registry info from the eureka server
2024-11-26T15:58:58.697-05:00  INFO 4804 --- [restartedMain] com.netflix.discovery.DiscoveryClient    : The response status is 200
2024-11-26T15:58:58.697-05:00  INFO 4804 --- [restartedMain] com.netflix.discovery.DiscoveryClient    : Starting heartbeat executor: renew interval is: 30
2024-11-26T15:58:58.697-05:00  INFO 4804 --- [restartedMain] c.n.discovery.InstanceInfoReplicator     : InstanceInfoReplicator onDemand update allowed rate per min is 4
2024-11-26T15:58:58.713-05:00  INFO 4804 --- [restartedMain] com.netflix.discovery.DiscoveryClient    : Discovery Client initialized at timestamp 1732654738713 with initial instances count: 1
2024-11-26T15:58:58.754-05:00  INFO 4804 --- [restartedMain] o.s.c.n.e.s.EurekaServiceRegistry        : Registering application MANAGERSERVICE with eureka with status UP
2024-11-26T15:58:58.759-05:00  INFO 4804 --- [restartedMain] com.netflix.discovery.DiscoveryClient    : Saw local status change event StatusChangeEvent [timestamp=1732654738759, current=UP, previous=STARTING]
2024-11-26T15:58:58.760-05:00  INFO 4804 --- [DiscoveryClient-InstanceInfoReplicator-0] com.netflix.discovery.DiscoveryClient    : DiscoveryClient_MANAGERSERVICE/10.12.26.53:managerservice:8002: registering service...
2024-11-26T15:58:58.807-05:00  INFO 4804 --- [restartedMain] o.s.b.w.embedded.tomcat.TomcatWebServer  : Tomcat started on port(s): 8002 (http) with context path ''
2024-11-26T15:58:58.807-05:00  INFO 4804 --- [restartedMain] .s.c.n.e.s.EurekaAutoServiceRegistration : Updating port to 8002
2024-11-26T15:58:58.828-05:00  INFO 4804 --- [restartedMain] c.a.m.ManagerserviceApplication          : Started ManagerserviceApplication in 30.525 seconds (process running for 35.178)
2024-11-26T15:58:58.849-05:00  INFO 4804 --- [DiscoveryClient-InstanceInfoReplicator-0] com.netflix.discovery.DiscoveryClient    : DiscoveryClient_MANAGERSERVICE/10.12.26.53:managerservice:8002 - registration status: 204
2024-11-26T15:59:14.362-05:00  INFO 4804 --- [http-nio-8002-exec-1] o.a.c.c.C.[Tomcat].[localhost].[/]       : Initializing Spring DispatcherServlet 'dispatcherServlet'
2024-11-26T15:59:14.362-05:00  INFO 4804 --- [http-nio-8002-exec-1] o.s.web.servlet.DispatcherServlet        : Initializing Servlet 'dispatcherServlet'
2024-11-26T15:59:14.367-05:00  INFO 4804 --- [http-nio-8002-exec-1] o.s.web.servlet.DispatcherServlet        : Completed initialization in 1 ms
2024-11-26T15:59:14.454-05:00  INFO 4804 --- [http-nio-8002-exec-2] com.adp.managerservice.utils.AopLoggs    : Entering into class com.adp.managerservice.controller.ManagerController -> getEmployees
2024-11-26T15:59:14.455-05:00  INFO 4804 --- [http-nio-8002-exec-2] com.adp.managerservice.utils.AopLoggs    : Entering into class com.adp.managerservice.service.ManagerServiceImpl -> getAllManagers
2024-11-26T15:59:15.948-05:00  INFO 4804 --- [http-nio-8002-exec-2] com.adp.managerservice.utils.AopLoggs    : Exiting from class com.adp.managerservice.service.ManagerServiceImpl -> getAllManagers
2024-11-26T15:59:15.949-05:00  INFO 4804 --- [http-nio-8002-exec-2] com.adp.managerservice.utils.AopLoggs    : Exiting from class com.adp.managerservice.controller.ManagerController -> getEmployees
2024-11-26T15:59:34.673-05:00  INFO 4804 --- [http-nio-8002-exec-4] com.adp.managerservice.utils.AopLoggs    : Entering into class com.adp.managerservice.controller.ManagerController -> getEmployees
2024-11-26T15:59:34.674-05:00  INFO 4804 --- [http-nio-8002-exec-4] com.adp.managerservice.utils.AopLoggs    : Entering into class com.adp.managerservice.service.ManagerServiceImpl -> getAllManagers
2024-11-26T15:59:35.869-05:00  INFO 4804 --- [http-nio-8002-exec-4] com.adp.managerservice.utils.AopLoggs    : Exiting from class com.adp.managerservice.service.ManagerServiceImpl -> getAllManagers
2024-11-26T15:59:35.870-05:00  INFO 4804 --- [http-nio-8002-exec-4] com.adp.managerservice.utils.AopLoggs    : Exiting from class com.adp.managerservice.controller.ManagerController -> getEmployees
2024-11-26T16:02:31.084-05:00  INFO 4804 --- [http-nio-8002-exec-6] com.adp.managerservice.utils.AopLoggs    : Entering into class com.adp.managerservice.controller.ManagerController -> getEmployees
2024-11-26T16:02:31.085-05:00  INFO 4804 --- [http-nio-8002-exec-6] com.adp.managerservice.utils.AopLoggs    : Entering into class com.adp.managerservice.service.ManagerServiceImpl -> getAllManagers
2024-11-26T16:02:32.263-05:00  INFO 4804 --- [http-nio-8002-exec-6] com.adp.managerservice.utils.AopLoggs    : Exiting from class com.adp.managerservice.service.ManagerServiceImpl -> getAllManagers
2024-11-26T16:02:32.263-05:00  INFO 4804 --- [http-nio-8002-exec-6] com.adp.managerservice.utils.AopLoggs    : Exiting from class com.adp.managerservice.controller.ManagerController -> getEmployees
2024-11-26T16:03:57.827-05:00  INFO 4804 --- [AsyncResolver-bootstrap-executor-0] c.n.d.s.r.aws.ConfigClusterResolver      : Resolving eureka endpoints via configuration
2024-11-26T16:08:57.831-05:00  INFO 4804 --- [AsyncResolver-bootstrap-executor-0] c.n.d.s.r.aws.ConfigClusterResolver      : Resolving eureka endpoints via configuration
2024-11-26T16:13:57.833-05:00  INFO 4804 --- [AsyncResolver-bootstrap-executor-0] c.n.d.s.r.aws.ConfigClusterResolver      : Resolving eureka endpoints via configuration
2024-11-26T16:32:45.085-05:00  WARN 4804 --- [HikariPool-1 housekeeper] com.zaxxer.hikari.pool.HikariPool        : HikariPool-1 - Thread starvation or clock leap detected (housekeeper delta=15m29s130ms36µs800ns).
2024-11-26T16:33:56.962-05:00  INFO 4804 --- [AsyncResolver-bootstrap-executor-0] c.n.d.s.r.aws.ConfigClusterResolver      : Resolving eureka endpoints via configuration
2024-11-26T16:38:56.968-05:00  INFO 4804 --- [AsyncResolver-bootstrap-executor-0] c.n.d.s.r.aws.ConfigClusterResolver      : Resolving eureka endpoints via configuration
2024-11-26T16:43:56.990-05:00  INFO 4804 --- [AsyncResolver-bootstrap-executor-0] c.n.d.s.r.aws.ConfigClusterResolver      : Resolving eureka endpoints via configuration
2024-11-26T16:48:57.004-05:00  INFO 4804 --- [AsyncResolver-bootstrap-executor-0] c.n.d.s.r.aws.ConfigClusterResolver      : Resolving eureka endpoints via configuration
2024-11-26T16:53:57.017-05:00  INFO 4804 --- [AsyncResolver-bootstrap-executor-0] c.n.d.s.r.aws.ConfigClusterResolver      : Resolving eureka endpoints via configuration
2024-11-26T16:56:51.866-05:00  WARN 4804 --- [http-nio-8002-exec-7] ocalVariableTableParameterNameDiscoverer : Using deprecated '-debug' fallback for parameter name resolution. Compile the affected code with '-parameters' instead or avoid its introspection: com.adp.managerservice.controller.ManagerController
2024-11-26T16:56:51.982-05:00  INFO 4804 --- [http-nio-8002-exec-7] o.springdoc.api.AbstractOpenApiResource  : Init duration for springdoc-openapi is: 218 ms
2024-11-26T16:58:57.027-05:00  INFO 4804 --- [AsyncResolver-bootstrap-executor-0] c.n.d.s.r.aws.ConfigClusterResolver      : Resolving eureka endpoints via configuration
2024-11-26T17:03:57.030-05:00  INFO 4804 --- [AsyncResolver-bootstrap-executor-0] c.n.d.s.r.aws.ConfigClusterResolver      : Resolving eureka endpoints via configuration
2024-11-26T17:13:11.811-05:00  WARN 4804 --- [HikariPool-1 housekeeper] com.zaxxer.hikari.pool.HikariPool        : HikariPool-1 - Thread starvation or clock leap detected (housekeeper delta=6m26s247ms924µs800ns).
2024-11-26T17:14:53.277-05:00  INFO 4804 --- [AsyncResolver-bootstrap-executor-0] c.n.d.s.r.aws.ConfigClusterResolver      : Resolving eureka endpoints via configuration
2024-11-26T17:17:16.640-05:00  INFO 4804 --- [http-nio-8002-exec-4] com.adp.managerservice.utils.AopLoggs    : Entering into class com.adp.managerservice.controller.ManagerController -> getEmployees
2024-11-26T17:17:16.644-05:00  INFO 4804 --- [http-nio-8002-exec-4] com.adp.managerservice.utils.AopLoggs    : Entering into class com.adp.managerservice.service.ManagerServiceImpl -> getAllManagers
2024-11-26T17:17:18.020-05:00  INFO 4804 --- [http-nio-8002-exec-4] com.adp.managerservice.utils.AopLoggs    : Exiting from class com.adp.managerservice.service.ManagerServiceImpl -> getAllManagers
2024-11-26T17:17:18.020-05:00  INFO 4804 --- [http-nio-8002-exec-4] com.adp.managerservice.utils.AopLoggs    : Exiting from class com.adp.managerservice.controller.ManagerController -> getEmployees
2024-11-26T17:19:25.535-05:00  INFO 4804 --- [http-nio-8002-exec-6] com.adp.managerservice.utils.AopLoggs    : Entering into class com.adp.managerservice.controller.ManagerController -> getEmployees
2024-11-26T17:19:25.537-05:00  INFO 4804 --- [http-nio-8002-exec-6] com.adp.managerservice.utils.AopLoggs    : Entering into class com.adp.managerservice.service.ManagerServiceImpl -> getAllManagers
2024-11-26T17:19:26.729-05:00  INFO 4804 --- [http-nio-8002-exec-6] com.adp.managerservice.utils.AopLoggs    : Exiting from class com.adp.managerservice.service.ManagerServiceImpl -> getAllManagers
2024-11-26T17:19:26.730-05:00  INFO 4804 --- [http-nio-8002-exec-6] com.adp.managerservice.utils.AopLoggs    : Exiting from class com.adp.managerservice.controller.ManagerController -> getEmployees
2024-11-26T17:19:58.513-05:00  INFO 4804 --- [AsyncResolver-bootstrap-executor-0] c.n.d.s.r.aws.ConfigClusterResolver      : Resolving eureka endpoints via configuration
2024-11-26T17:24:58.518-05:00  INFO 4804 --- [AsyncResolver-bootstrap-executor-0] c.n.d.s.r.aws.ConfigClusterResolver      : Resolving eureka endpoints via configuration
